c:\users\rafael\downloads\rafael\downloads\sparky-core\dependencias\libvorbis\bin\intermediates\libvorbis.pdb
c:\users\rafael\downloads\rafael\downloads\sparky-core\dependencias\libvorbis\bin\intermediates\vorbisfile.obj
c:\users\rafael\downloads\rafael\downloads\sparky-core\dependencias\libvorbis\bin\intermediates\vorbisenc.obj
c:\users\rafael\downloads\rafael\downloads\sparky-core\dependencias\libvorbis\bin\intermediates\tone.obj
c:\users\rafael\downloads\rafael\downloads\sparky-core\dependencias\libvorbis\bin\intermediates\synthesis.obj
c:\users\rafael\downloads\rafael\downloads\sparky-core\dependencias\libvorbis\bin\intermediates\smallft.obj
c:\users\rafael\downloads\rafael\downloads\sparky-core\dependencias\libvorbis\bin\intermediates\res0.obj
c:\users\rafael\downloads\rafael\downloads\sparky-core\dependencias\libvorbis\bin\intermediates\registry.obj
c:\users\rafael\downloads\rafael\downloads\sparky-core\dependencias\libvorbis\bin\intermediates\psy.obj
c:\users\rafael\downloads\rafael\downloads\sparky-core\dependencias\libvorbis\bin\intermediates\mdct.obj
c:\users\rafael\downloads\rafael\downloads\sparky-core\dependencias\libvorbis\bin\intermediates\mapping0.obj
c:\users\rafael\downloads\rafael\downloads\sparky-core\dependencias\libvorbis\bin\intermediates\lsp.obj
c:\users\rafael\downloads\rafael\downloads\sparky-core\dependencias\libvorbis\bin\intermediates\lpc.obj
c:\users\rafael\downloads\rafael\downloads\sparky-core\dependencias\libvorbis\bin\intermediates\lookup.obj
c:\users\rafael\downloads\rafael\downloads\sparky-core\dependencias\libvorbis\bin\intermediates\info.obj
c:\users\rafael\downloads\rafael\downloads\sparky-core\dependencias\libvorbis\bin\intermediates\floor1.obj
c:\users\rafael\downloads\rafael\downloads\sparky-core\dependencias\libvorbis\bin\intermediates\floor0.obj
c:\users\rafael\downloads\rafael\downloads\sparky-core\dependencias\libvorbis\bin\intermediates\envelope.obj
c:\users\rafael\downloads\rafael\downloads\sparky-core\dependencias\libvorbis\bin\intermediates\block.obj
c:\users\rafael\downloads\rafael\downloads\sparky-core\dependencias\libvorbis\bin\intermediates\bitrate.obj
c:\users\rafael\downloads\rafael\downloads\sparky-core\dependencias\libvorbis\bin\intermediates\analysis.obj
c:\users\rafael\downloads\rafael\downloads\sparky-core\dependencias\libvorbis\bin\intermediates\window.obj
c:\users\rafael\downloads\rafael\downloads\sparky-core\dependencias\libvorbis\bin\intermediates\sharedbook.obj
c:\users\rafael\downloads\rafael\downloads\sparky-core\dependencias\libvorbis\bin\intermediates\codebook.obj
c:\users\rafael\downloads\rafael\downloads\sparky-core\dependencias\libvorbis\bin\intermediates\barkmel.obj
c:\users\rafael\downloads\rafael\downloads\sparky-core\dependencias\libvorbis\bin\libvorbis.lib
c:\users\rafael\downloads\rafael\downloads\sparky-core\dependencias\libvorbis\bin\intermediates\libvorbis.idb
c:\users\rafael\downloads\rafael\downloads\sparky-core\dependencias\libvorbis\bin\intermediates\libvorbis.tlog\cl.command.1.tlog
c:\users\rafael\downloads\rafael\downloads\sparky-core\dependencias\libvorbis\bin\intermediates\libvorbis.tlog\cl.read.1.tlog
c:\users\rafael\downloads\rafael\downloads\sparky-core\dependencias\libvorbis\bin\intermediates\libvorbis.tlog\cl.write.1.tlog
c:\users\rafael\downloads\rafael\downloads\sparky-core\dependencias\libvorbis\bin\intermediates\libvorbis.tlog\lib-link.read.1.tlog
c:\users\rafael\downloads\rafael\downloads\sparky-core\dependencias\libvorbis\bin\intermediates\libvorbis.tlog\lib-link.write.1.tlog
c:\users\rafael\downloads\rafael\downloads\sparky-core\dependencias\libvorbis\bin\intermediates\libvorbis.tlog\lib.command.1.tlog
