C:\Program Files (x86)\Microsoft Visual Studio\2017\Enterprise\Common7\IDE\VC\VCTargets\Microsoft.CppBuild.targets(372,5): warning MSB8004: Intermediate Directory does not end with a trailing slash.  This build instance will add the slash as it is required to allow proper evaluation of the Intermediate Directory.
C:\Program Files (x86)\Microsoft Visual Studio\2017\Enterprise\Common7\IDE\VC\VCTargets\Microsoft.CppBuild.targets(373,5): warning MSB8004: Output Directory does not end with a trailing slash.  This build instance will add the slash as it is required to allow proper evaluation of the Output Directory.
cl : Command line warning D9002: ignoring unknown option '/arch:SSE2'
  analysis.c
  barkmel.c
  bitrate.c
  block.c
  codebook.c
  envelope.c
  floor0.c
  floor1.c
  info.c
  lookup.c
  lpc.c
  lsp.c
  mapping0.c
  mdct.c
  psy.c
  registry.c
  res0.c
  sharedbook.c
  smallft.c
  synthesis.c
  Compiling...
  tone.c
  vorbisenc.c
  vorbisfile.c
  window.c
barkmel.obj : warning LNK4006: main already defined in tone.obj; second definition ignored
  libvorbis.vcxproj -> C:\Users\Rafael\Downloads\Rafael\Downloads\Sparky-core\Dependencias\libvorbis\bin\libvorbis.lib
