c:\users\rafael\downloads\sparky-core\bin\debug\intermediates\vc141.pdb
c:\users\rafael\downloads\sparky-core\bin\debug\intermediates\vc141.idb
c:\users\rafael\downloads\sparky-core\bin\debug\intermediates\game.obj
c:\users\rafael\downloads\sparky-core\bin\debug\sandbox.exe
c:\users\rafael\downloads\sparky-core\bin\debug\sandbox.pdb
c:\users\rafael\downloads\sparky-core\bin\debug\intermediates\autofit.obj
c:\users\rafael\downloads\sparky-core\bin\debug\intermediates\batchrenderer2d.obj
c:\users\rafael\downloads\sparky-core\bin\debug\intermediates\bdf.obj
c:\users\rafael\downloads\sparky-core\bin\debug\intermediates\buffer.obj
c:\users\rafael\downloads\sparky-core\bin\debug\intermediates\cff.obj
c:\users\rafael\downloads\sparky-core\bin\debug\intermediates\font.obj
c:\users\rafael\downloads\sparky-core\bin\debug\intermediates\fontmanager.obj
c:\users\rafael\downloads\sparky-core\bin\debug\intermediates\ftbase.obj
c:\users\rafael\downloads\sparky-core\bin\debug\intermediates\ftbbox.obj
c:\users\rafael\downloads\sparky-core\bin\debug\intermediates\ftbitmap.obj
c:\users\rafael\downloads\sparky-core\bin\debug\intermediates\ftcache.obj
c:\users\rafael\downloads\sparky-core\bin\debug\intermediates\ftdebug.obj
c:\users\rafael\downloads\sparky-core\bin\debug\intermediates\ftfntfmt.obj
c:\users\rafael\downloads\sparky-core\bin\debug\intermediates\ftfstype.obj
c:\users\rafael\downloads\sparky-core\bin\debug\intermediates\ftgasp.obj
c:\users\rafael\downloads\sparky-core\bin\debug\intermediates\ftglyph.obj
c:\users\rafael\downloads\sparky-core\bin\debug\intermediates\ftgxval.obj
c:\users\rafael\downloads\sparky-core\bin\debug\intermediates\ftgzip.obj
c:\users\rafael\downloads\sparky-core\bin\debug\intermediates\ftinit.obj
c:\users\rafael\downloads\sparky-core\bin\debug\intermediates\ftlcdfil.obj
c:\users\rafael\downloads\sparky-core\bin\debug\intermediates\ftlzw.obj
c:\users\rafael\downloads\sparky-core\bin\debug\intermediates\ftmm.obj
c:\users\rafael\downloads\sparky-core\bin\debug\intermediates\ftotval.obj
c:\users\rafael\downloads\sparky-core\bin\debug\intermediates\ftpatent.obj
c:\users\rafael\downloads\sparky-core\bin\debug\intermediates\ftpfr.obj
c:\users\rafael\downloads\sparky-core\bin\debug\intermediates\ftstroke.obj
c:\users\rafael\downloads\sparky-core\bin\debug\intermediates\ftsynth.obj
c:\users\rafael\downloads\sparky-core\bin\debug\intermediates\ftsystem.obj
c:\users\rafael\downloads\sparky-core\bin\debug\intermediates\fttype1.obj
c:\users\rafael\downloads\sparky-core\bin\debug\intermediates\ftwinfnt.obj
c:\users\rafael\downloads\sparky-core\bin\debug\intermediates\ga.obj
c:\users\rafael\downloads\sparky-core\bin\debug\intermediates\gau.obj
c:\users\rafael\downloads\sparky-core\bin\debug\intermediates\ga_openal.obj
c:\users\rafael\downloads\sparky-core\bin\debug\intermediates\ga_stream.obj
c:\users\rafael\downloads\sparky-core\bin\debug\intermediates\gc_common.obj
c:\users\rafael\downloads\sparky-core\bin\debug\intermediates\gc_thread.obj
c:\users\rafael\downloads\sparky-core\bin\debug\intermediates\group.obj
c:\users\rafael\downloads\sparky-core\bin\debug\intermediates\indexbuffer.obj
c:\users\rafael\downloads\sparky-core\bin\debug\intermediates\label.obj
c:\users\rafael\downloads\sparky-core\bin\debug\intermediates\layer.obj
c:\users\rafael\downloads\sparky-core\bin\debug\intermediates\main.obj
c:\users\rafael\downloads\sparky-core\bin\debug\intermediates\mat4.obj
c:\users\rafael\downloads\sparky-core\bin\debug\intermediates\pcf.obj
c:\users\rafael\downloads\sparky-core\bin\debug\intermediates\pfr.obj
c:\users\rafael\downloads\sparky-core\bin\debug\intermediates\platform.obj
c:\users\rafael\downloads\sparky-core\bin\debug\intermediates\psaux.obj
c:\users\rafael\downloads\sparky-core\bin\debug\intermediates\pshinter.obj
c:\users\rafael\downloads\sparky-core\bin\debug\intermediates\psmodule.obj
c:\users\rafael\downloads\sparky-core\bin\debug\intermediates\raster.obj
c:\users\rafael\downloads\sparky-core\bin\debug\intermediates\sfnt.obj
c:\users\rafael\downloads\sparky-core\bin\debug\intermediates\shader.obj
c:\users\rafael\downloads\sparky-core\bin\debug\intermediates\smooth.obj
c:\users\rafael\downloads\sparky-core\bin\debug\intermediates\sound.obj
c:\users\rafael\downloads\sparky-core\bin\debug\intermediates\soundmanager.obj
c:\users\rafael\downloads\sparky-core\bin\debug\intermediates\sprite.obj
c:\users\rafael\downloads\sparky-core\bin\debug\intermediates\texture-atlas.obj
c:\users\rafael\downloads\sparky-core\bin\debug\intermediates\texture-font.obj
c:\users\rafael\downloads\sparky-core\bin\debug\intermediates\texture.obj
c:\users\rafael\downloads\sparky-core\bin\debug\intermediates\texturemanager.obj
c:\users\rafael\downloads\sparky-core\bin\debug\intermediates\tilelayer.obj
c:\users\rafael\downloads\sparky-core\bin\debug\intermediates\truetype.obj
c:\users\rafael\downloads\sparky-core\bin\debug\intermediates\type1.obj
c:\users\rafael\downloads\sparky-core\bin\debug\intermediates\type1cid.obj
c:\users\rafael\downloads\sparky-core\bin\debug\intermediates\type42.obj
c:\users\rafael\downloads\sparky-core\bin\debug\intermediates\vec2f.obj
c:\users\rafael\downloads\sparky-core\bin\debug\intermediates\vec3f.obj
c:\users\rafael\downloads\sparky-core\bin\debug\intermediates\vec4f.obj
c:\users\rafael\downloads\sparky-core\bin\debug\intermediates\vector.obj
c:\users\rafael\downloads\sparky-core\bin\debug\intermediates\vertexarray.obj
c:\users\rafael\downloads\sparky-core\bin\debug\intermediates\window.obj
c:\users\rafael\downloads\sparky-core\bin\debug\intermediates\winfnt.obj
c:\users\rafael\downloads\sparky-core\bin\debug\intermediates\sparky-core (develop).idb
c:\users\rafael\downloads\sparky-core\bin\debug\intermediates\sparky-core (develop).pdb
c:\users\rafael\downloads\sparky-core\bin\debug\intermediates\autofit.sbr
c:\users\rafael\downloads\sparky-core\bin\debug\intermediates\batchrenderer2d.sbr
c:\users\rafael\downloads\sparky-core\bin\debug\intermediates\bdf.sbr
c:\users\rafael\downloads\sparky-core\bin\debug\intermediates\buffer.sbr
c:\users\rafael\downloads\sparky-core\bin\debug\intermediates\cff.sbr
c:\users\rafael\downloads\sparky-core\bin\debug\intermediates\font.sbr
c:\users\rafael\downloads\sparky-core\bin\debug\intermediates\fontmanager.sbr
c:\users\rafael\downloads\sparky-core\bin\debug\intermediates\ftbase.sbr
c:\users\rafael\downloads\sparky-core\bin\debug\intermediates\ftbbox.sbr
c:\users\rafael\downloads\sparky-core\bin\debug\intermediates\ftbitmap.sbr
c:\users\rafael\downloads\sparky-core\bin\debug\intermediates\ftcache.sbr
c:\users\rafael\downloads\sparky-core\bin\debug\intermediates\ftdebug.sbr
c:\users\rafael\downloads\sparky-core\bin\debug\intermediates\ftfntfmt.sbr
c:\users\rafael\downloads\sparky-core\bin\debug\intermediates\ftfstype.sbr
c:\users\rafael\downloads\sparky-core\bin\debug\intermediates\ftgasp.sbr
c:\users\rafael\downloads\sparky-core\bin\debug\intermediates\ftglyph.sbr
c:\users\rafael\downloads\sparky-core\bin\debug\intermediates\ftgxval.sbr
c:\users\rafael\downloads\sparky-core\bin\debug\intermediates\ftgzip.sbr
c:\users\rafael\downloads\sparky-core\bin\debug\intermediates\ftinit.sbr
c:\users\rafael\downloads\sparky-core\bin\debug\intermediates\ftlcdfil.sbr
c:\users\rafael\downloads\sparky-core\bin\debug\intermediates\ftlzw.sbr
c:\users\rafael\downloads\sparky-core\bin\debug\intermediates\ftmm.sbr
c:\users\rafael\downloads\sparky-core\bin\debug\intermediates\ftotval.sbr
c:\users\rafael\downloads\sparky-core\bin\debug\intermediates\ftpatent.sbr
c:\users\rafael\downloads\sparky-core\bin\debug\intermediates\ftpfr.sbr
c:\users\rafael\downloads\sparky-core\bin\debug\intermediates\ftstroke.sbr
c:\users\rafael\downloads\sparky-core\bin\debug\intermediates\ftsynth.sbr
c:\users\rafael\downloads\sparky-core\bin\debug\intermediates\ftsystem.sbr
c:\users\rafael\downloads\sparky-core\bin\debug\intermediates\fttype1.sbr
c:\users\rafael\downloads\sparky-core\bin\debug\intermediates\ftwinfnt.sbr
c:\users\rafael\downloads\sparky-core\bin\debug\intermediates\ga.sbr
c:\users\rafael\downloads\sparky-core\bin\debug\intermediates\gau.sbr
c:\users\rafael\downloads\sparky-core\bin\debug\intermediates\ga_openal.sbr
c:\users\rafael\downloads\sparky-core\bin\debug\intermediates\ga_stream.sbr
c:\users\rafael\downloads\sparky-core\bin\debug\intermediates\gc_common.sbr
c:\users\rafael\downloads\sparky-core\bin\debug\intermediates\gc_thread.sbr
c:\users\rafael\downloads\sparky-core\bin\debug\intermediates\group.sbr
c:\users\rafael\downloads\sparky-core\bin\debug\intermediates\indexbuffer.sbr
c:\users\rafael\downloads\sparky-core\bin\debug\intermediates\label.sbr
c:\users\rafael\downloads\sparky-core\bin\debug\intermediates\layer.sbr
c:\users\rafael\downloads\sparky-core\bin\debug\intermediates\main.sbr
c:\users\rafael\downloads\sparky-core\bin\debug\intermediates\mat4.sbr
c:\users\rafael\downloads\sparky-core\bin\debug\intermediates\pcf.sbr
c:\users\rafael\downloads\sparky-core\bin\debug\intermediates\pfr.sbr
c:\users\rafael\downloads\sparky-core\bin\debug\intermediates\platform.sbr
c:\users\rafael\downloads\sparky-core\bin\debug\intermediates\psaux.sbr
c:\users\rafael\downloads\sparky-core\bin\debug\intermediates\pshinter.sbr
c:\users\rafael\downloads\sparky-core\bin\debug\intermediates\psmodule.sbr
c:\users\rafael\downloads\sparky-core\bin\debug\intermediates\raster.sbr
c:\users\rafael\downloads\sparky-core\bin\debug\intermediates\sfnt.sbr
c:\users\rafael\downloads\sparky-core\bin\debug\intermediates\shader.sbr
c:\users\rafael\downloads\sparky-core\bin\debug\intermediates\smooth.sbr
c:\users\rafael\downloads\sparky-core\bin\debug\intermediates\sound.sbr
c:\users\rafael\downloads\sparky-core\bin\debug\intermediates\soundmanager.sbr
c:\users\rafael\downloads\sparky-core\bin\debug\intermediates\sprite.sbr
c:\users\rafael\downloads\sparky-core\bin\debug\intermediates\texture-atlas.sbr
c:\users\rafael\downloads\sparky-core\bin\debug\intermediates\texture-font.sbr
c:\users\rafael\downloads\sparky-core\bin\debug\intermediates\texture.sbr
c:\users\rafael\downloads\sparky-core\bin\debug\intermediates\texturemanager.sbr
c:\users\rafael\downloads\sparky-core\bin\debug\intermediates\tilelayer.sbr
c:\users\rafael\downloads\sparky-core\bin\debug\intermediates\truetype.sbr
c:\users\rafael\downloads\sparky-core\bin\debug\intermediates\type1.sbr
c:\users\rafael\downloads\sparky-core\bin\debug\intermediates\type1cid.sbr
c:\users\rafael\downloads\sparky-core\bin\debug\intermediates\type42.sbr
c:\users\rafael\downloads\sparky-core\bin\debug\intermediates\vec2f.sbr
c:\users\rafael\downloads\sparky-core\bin\debug\intermediates\vec3f.sbr
c:\users\rafael\downloads\sparky-core\bin\debug\intermediates\vec4f.sbr
c:\users\rafael\downloads\sparky-core\bin\debug\intermediates\vector.sbr
c:\users\rafael\downloads\sparky-core\bin\debug\intermediates\vertexarray.sbr
c:\users\rafael\downloads\sparky-core\bin\debug\intermediates\window.sbr
c:\users\rafael\downloads\sparky-core\bin\debug\intermediates\winfnt.sbr
c:\users\rafael\downloads\sparky-core\bin\debug\intermediates\sandbox.tlog\cl.command.1.tlog
c:\users\rafael\downloads\sparky-core\bin\debug\intermediates\sandbox.tlog\cl.read.1.tlog
c:\users\rafael\downloads\sparky-core\bin\debug\intermediates\sandbox.tlog\cl.write.1.tlog
c:\users\rafael\downloads\sparky-core\bin\debug\intermediates\sandbox.tlog\link.command.1.tlog
c:\users\rafael\downloads\sparky-core\bin\debug\intermediates\sandbox.tlog\link.read.1.tlog
c:\users\rafael\downloads\sparky-core\bin\debug\intermediates\sandbox.tlog\link.write.1.tlog
