c:\users\rafael\downloads\rafael\downloads\sparky-core\bin\release\intermediates\vc141.pdb
c:\users\rafael\downloads\rafael\downloads\sparky-core\bin\release\intermediates\ftpfr.obj
c:\users\rafael\downloads\rafael\downloads\sparky-core\bin\release\intermediates\ftpatent.obj
c:\users\rafael\downloads\rafael\downloads\sparky-core\bin\release\intermediates\ftotval.obj
c:\users\rafael\downloads\rafael\downloads\sparky-core\bin\release\intermediates\ftmm.obj
c:\users\rafael\downloads\rafael\downloads\sparky-core\bin\release\intermediates\ftlcdfil.obj
c:\users\rafael\downloads\rafael\downloads\sparky-core\bin\release\intermediates\ftinit.obj
c:\users\rafael\downloads\rafael\downloads\sparky-core\bin\release\intermediates\ftgxval.obj
c:\users\rafael\downloads\rafael\downloads\sparky-core\bin\release\intermediates\ftglyph.obj
c:\users\rafael\downloads\rafael\downloads\sparky-core\bin\release\intermediates\ftgasp.obj
c:\users\rafael\downloads\rafael\downloads\sparky-core\bin\release\intermediates\ftfstype.obj
c:\users\rafael\downloads\rafael\downloads\sparky-core\bin\release\intermediates\ftfntfmt.obj
c:\users\rafael\downloads\rafael\downloads\sparky-core\bin\release\intermediates\ftdebug.obj
c:\users\rafael\downloads\rafael\downloads\sparky-core\bin\release\intermediates\ftbitmap.obj
c:\users\rafael\downloads\rafael\downloads\sparky-core\bin\release\intermediates\ftbbox.obj
c:\users\rafael\downloads\rafael\downloads\sparky-core\bin\release\intermediates\ftbase.obj
c:\users\rafael\downloads\rafael\downloads\sparky-core\bin\release\intermediates\autofit.obj
c:\users\rafael\downloads\rafael\downloads\sparky-core\bin\release\intermediates\vector.obj
c:\users\rafael\downloads\rafael\downloads\sparky-core\bin\release\intermediates\texture-font.obj
c:\users\rafael\downloads\rafael\downloads\sparky-core\bin\release\intermediates\texture-atlas.obj
c:\users\rafael\downloads\rafael\downloads\sparky-core\bin\release\intermediates\platform.obj
c:\users\rafael\downloads\rafael\downloads\sparky-core\bin\release\intermediates\truetype.obj
c:\users\rafael\downloads\rafael\downloads\sparky-core\bin\release\intermediates\smooth.obj
c:\users\rafael\downloads\rafael\downloads\sparky-core\bin\release\intermediates\sfnt.obj
c:\users\rafael\downloads\rafael\downloads\sparky-core\bin\release\intermediates\raster.obj
c:\users\rafael\downloads\rafael\downloads\sparky-core\bin\release\intermediates\psmodule.obj
c:\users\rafael\downloads\rafael\downloads\sparky-core\bin\release\intermediates\pshinter.obj
c:\users\rafael\downloads\rafael\downloads\sparky-core\bin\release\intermediates\psaux.obj
c:\users\rafael\downloads\rafael\downloads\sparky-core\bin\release\intermediates\pfr.obj
c:\users\rafael\downloads\rafael\downloads\sparky-core\bin\release\intermediates\pcf.obj
c:\users\rafael\downloads\rafael\downloads\sparky-core\bin\release\intermediates\ftlzw.obj
c:\users\rafael\downloads\rafael\downloads\sparky-core\bin\release\intermediates\ftgzip.obj
c:\users\rafael\downloads\rafael\downloads\sparky-core\bin\release\intermediates\type1cid.obj
c:\users\rafael\downloads\rafael\downloads\sparky-core\bin\release\intermediates\cff.obj
c:\users\rafael\downloads\rafael\downloads\sparky-core\bin\release\intermediates\ftcache.obj
c:\users\rafael\downloads\rafael\downloads\sparky-core\bin\release\intermediates\bdf.obj
c:\users\rafael\downloads\rafael\downloads\sparky-core\bin\release\intermediates\ftwinfnt.obj
c:\users\rafael\downloads\rafael\downloads\sparky-core\bin\release\intermediates\fttype1.obj
c:\users\rafael\downloads\rafael\downloads\sparky-core\bin\release\intermediates\ftsystem.obj
c:\users\rafael\downloads\rafael\downloads\sparky-core\bin\release\intermediates\ftsynth.obj
c:\users\rafael\downloads\rafael\downloads\sparky-core\bin\release\intermediates\ftstroke.obj
c:\users\rafael\downloads\rafael\downloads\sparky-core\bin\release\intermediates\ga_stream.obj
c:\users\rafael\downloads\rafael\downloads\sparky-core\bin\release\intermediates\gau.obj
c:\users\rafael\downloads\rafael\downloads\sparky-core\bin\release\intermediates\ga.obj
c:\users\rafael\downloads\rafael\downloads\sparky-core\bin\release\intermediates\ga_openal.obj
c:\users\rafael\downloads\rafael\downloads\sparky-core\bin\release\intermediates\gc_thread.obj
c:\users\rafael\downloads\rafael\downloads\sparky-core\bin\release\intermediates\gc_common.obj
c:\users\rafael\downloads\rafael\downloads\sparky-core\bin\release\intermediates\winfnt.obj
c:\users\rafael\downloads\rafael\downloads\sparky-core\bin\release\intermediates\type42.obj
c:\users\rafael\downloads\rafael\downloads\sparky-core\bin\release\intermediates\type1.obj
c:\users\rafael\downloads\rafael\downloads\sparky-core\bin\release\intermediates\vec3f.obj
c:\users\rafael\downloads\rafael\downloads\sparky-core\bin\release\intermediates\vec2f.obj
c:\users\rafael\downloads\rafael\downloads\sparky-core\bin\release\intermediates\mat4.obj
c:\users\rafael\downloads\rafael\downloads\sparky-core\bin\release\intermediates\main.obj
c:\users\rafael\downloads\rafael\downloads\sparky-core\bin\release\intermediates\window.obj
c:\users\rafael\downloads\rafael\downloads\sparky-core\bin\release\intermediates\texture.obj
c:\users\rafael\downloads\rafael\downloads\sparky-core\bin\release\intermediates\sprite.obj
c:\users\rafael\downloads\rafael\downloads\sparky-core\bin\release\intermediates\shader.obj
c:\users\rafael\downloads\rafael\downloads\sparky-core\bin\release\intermediates\tilelayer.obj
c:\users\rafael\downloads\rafael\downloads\sparky-core\bin\release\intermediates\layer.obj
c:\users\rafael\downloads\rafael\downloads\sparky-core\bin\release\intermediates\group.obj
c:\users\rafael\downloads\rafael\downloads\sparky-core\bin\release\intermediates\label.obj
c:\users\rafael\downloads\rafael\downloads\sparky-core\bin\release\intermediates\fontmanager.obj
c:\users\rafael\downloads\rafael\downloads\sparky-core\bin\release\intermediates\font.obj
c:\users\rafael\downloads\rafael\downloads\sparky-core\bin\release\intermediates\vertexarray.obj
c:\users\rafael\downloads\rafael\downloads\sparky-core\bin\release\intermediates\indexbuffer.obj
c:\users\rafael\downloads\rafael\downloads\sparky-core\bin\release\intermediates\buffer.obj
c:\users\rafael\downloads\rafael\downloads\sparky-core\bin\release\intermediates\batchrenderer2d.obj
c:\users\rafael\downloads\rafael\downloads\sparky-core\bin\release\intermediates\soundmanager.obj
c:\users\rafael\downloads\rafael\downloads\sparky-core\bin\release\intermediates\sound.obj
c:\users\rafael\downloads\rafael\downloads\sparky-core\bin\release\intermediates\vec4f.obj
c:\users\rafael\downloads\rafael\downloads\sparky-core\bin\release\intermediates\game.obj
c:\users\rafael\downloads\rafael\downloads\sparky-core\bin\release\sparky-core (develop).exe
c:\users\rafael\downloads\rafael\downloads\sparky-core\bin\release\sparky-core (develop).pdb
c:\users\rafael\downloads\rafael\downloads\sparky-core\bin\release\sparky-core (develop).ipdb
c:\users\rafael\downloads\rafael\downloads\sparky-core\bin\release\sparky-core (develop).iobj
c:\users\rafael\downloads\rafael\downloads\sparky-core\bin\release\intermediates\sparky-c.3a57ff24.tlog\cl.command.1.tlog
c:\users\rafael\downloads\rafael\downloads\sparky-core\bin\release\intermediates\sparky-c.3a57ff24.tlog\cl.read.1.tlog
c:\users\rafael\downloads\rafael\downloads\sparky-core\bin\release\intermediates\sparky-c.3a57ff24.tlog\cl.write.1.tlog
c:\users\rafael\downloads\rafael\downloads\sparky-core\bin\release\intermediates\sparky-c.3a57ff24.tlog\link.command.1.tlog
c:\users\rafael\downloads\rafael\downloads\sparky-core\bin\release\intermediates\sparky-c.3a57ff24.tlog\link.read.1.tlog
c:\users\rafael\downloads\rafael\downloads\sparky-core\bin\release\intermediates\sparky-c.3a57ff24.tlog\link.write.1.tlog
c:\users\rafael\downloads\rafael\downloads\sparky-core\bin\release\intermediates\sparky-c.3a57ff24.tlog\sparky-core (develop).write.1u.tlog
